effect	CODE=EFFECT
after-effect	CODE=EFFECT
aftermath	CODE=EFFECT
sequel	CODE=EFFECT
consequence	CODE=EFFECT
event	CODE=EFFECT
issue	CODE=EFFECT
outcome	CODE=EFFECT
ramification	CODE=EFFECT
ramifications	CODE=EFFECT
reaction	CODE=EFFECT
reactions	CODE=EFFECT
repercussion	CODE=EFFECT
repercussions	CODE=EFFECT
side effect	CODE=EFFECT
consequence	CODE=EFFECT
consequences	CODE=EFFECT
upshot	CODE=EFFECT
outcome	CODE=EFFECT
out-turn	CODE=EFFECT
sequel	CODE=EFFECT
reaction	CODE=EFFECT
reactions	CODE=EFFECT
reverberations	CODE=EFFECT
impact	CODE=EFFECT
action	CODE=EFFECT
side reaction	CODE=EFFECT
influence	CODE=EFFECT