no compound-related effect
not treatment-related
no compound-related effect
not compound-related
rather than a treatment-related effect
not considered as a compound-related effect
no evidence for treatment-related effects
no evidence for treatment-related effect
treatment-related effect is not assumed
no related effect
no related effect found
no treatment-related
no treatment related
no further finding
no related findings
no related finding
no relevant compound-related effect
no relevant compound-related effects
not suspicious for a treatment-related effect
unrelated to the treatment
not to be treatment-related
not regarded to be treatment-related
not regarded as being treatment-related